0 silly argv { _: [ 'version' ],
0 silly argv   y: true,
0 silly argv   yes: true,
0 silly argv   'conventional-commits': true,
0 silly argv   conventionalCommits: true,
0 silly argv   'create-release': 'github',
0 silly argv   createRelease: 'github',
0 silly argv   lernaVersion: '3.20.2',
0 silly argv   '$0': 'lerna' }
1 notice cli v3.20.2
2 verbose rootPath /Users/rc/workspace/lernaJenkins
3 info versioning independent
4 silly isAnythingCommitted
5 verbose isAnythingCommitted 1
6 silly currentBranch
7 verbose currentBranch develop
8 silly remoteBranchExists
9 silly isBehindUpstream
10 silly isBehindUpstream develop is behind origin/develop by 0 commit(s) and ahead by 0
11 silly hasTags
12 verbose hasTags true
13 silly git-describe.sync "56f4753" => {"refCount":"252","sha":"56f4753","isDirty":false}
14 info Assuming all packages changed
15 verbose updated typescript-demo
16 verbose updated webpack-demo
17 verbose git-describe undefined => "56f4753"
18 silly git-describe parsed => {"refCount":"252","sha":"56f4753","isDirty":false}
19 silly independent for typescript-demo at /Users/rc/workspace/lernaJenkins/packages/typescript-demo
20 verbose getChangelogConfig using preset "conventional-changelog-angular"
21 silly npa Result {
21 silly npa   type: 'tag',
21 silly npa   registry: true,
21 silly npa   where: undefined,
21 silly npa   raw: 'conventional-changelog-angular',
21 silly npa   name: 'conventional-changelog-angular',
21 silly npa   escapedName: 'conventional-changelog-angular',
21 silly npa   scope: undefined,
21 silly npa   rawSpec: '',
21 silly npa   saveSpec: null,
21 silly npa   fetchSpec: 'latest',
21 silly npa   gitRange: undefined,
21 silly npa   gitCommittish: undefined,
21 silly npa   hosted: undefined }
22 verbose getChangelogConfig Attempting to resolve preset "conventional-changelog-angular"
23 info getChangelogConfig Successfully resolved preset "conventional-changelog-angular"
24 verbose independent increment 1.1.1 by patch
25 silly independent for webpack-demo at /Users/rc/workspace/lernaJenkins/packages/webpack-demo
26 verbose independent increment 1.0.4 by patch
27 info auto-confirmed
28 info execute Creating releases...
29 silly lifecycle No script for "preversion" in "lernaJenkins", continuing
30 silly lifecycle No script for "preversion" in "typescript-demo", continuing
31 silly lifecycle No script for "preversion" in "webpack-demo", continuing
32 silly lifecycle No script for "version" in "typescript-demo", continuing
33 silly independent for typescript-demo at /Users/rc/workspace/lernaJenkins/packages/typescript-demo
34 silly lifecycle No script for "version" in "webpack-demo", continuing
35 silly independent for webpack-demo at /Users/rc/workspace/lernaJenkins/packages/webpack-demo
36 silly independent writing new entry: "## [1.1.2](https://github.com/rmc33/lernaJenkins/compare/typescript-demo@1.1.1...typescript-demo@1.1.2) (2021-04-11)\n\n**Note:** Version bump only for package typescript-demo\n\n\n\n"
37 silly independent writing new entry: "## [1.0.5](https://github.com/rmc33/lernaJenkins/compare/webpack-demo@1.0.1...webpack-demo@1.0.5) (2021-04-11)\n\n\n\n## 1.2.10 (2020-10-05)\n\n\n\n## 1.2.9 (2020-10-05)\n\n\n\n## 1.2.8 (2020-10-04)\n\n**Note:** Version bump only for package webpack-demo\n\n\n\n"
38 verbose independent wrote /Users/rc/workspace/lernaJenkins/packages/typescript-demo/CHANGELOG.md
39 verbose independent wrote /Users/rc/workspace/lernaJenkins/packages/webpack-demo/CHANGELOG.md
40 silly lifecycle No script for "version" in "lernaJenkins", continuing
41 silly gitAdd [ '/Users/rc/workspace/lernaJenkins/packages/typescript-demo/package.json',
41 silly gitAdd   '/Users/rc/workspace/lernaJenkins/packages/webpack-demo/package.json',
41 silly gitAdd   '/Users/rc/workspace/lernaJenkins/packages/typescript-demo/CHANGELOG.md',
41 silly gitAdd   '/Users/rc/workspace/lernaJenkins/packages/webpack-demo/CHANGELOG.md' ]
42 silly gitCommit Publish
42 silly gitCommit
42 silly gitCommit  - typescript-demo@1.1.2
42 silly gitCommit  - webpack-demo@1.0.5
43 verbose git [ 'commit',
43 verbose git   '-F',
43 verbose git   '/private/var/folders/pm/l93pfbl16k971zvgwy0yd8q00000gn/T/094ff084-c8aa-49b2-ad3b-27514b142c23/lerna-commit.txt' ]
44 silly gitTag typescript-demo@1.1.2
45 verbose git [ 'tag', 'typescript-demo@1.1.2', '-m', 'typescript-demo@1.1.2' ]
46 silly gitTag webpack-demo@1.0.5
47 verbose git [ 'tag', 'webpack-demo@1.0.5', '-m', 'webpack-demo@1.0.5' ]
48 error Error: Command failed: git tag typescript-demo@1.1.2 -m typescript-demo@1.1.2
48 error fatal: tag 'typescript-demo@1.1.2' already exists
48 error
48 error     at makeError (/Users/rc/workspace/lernaJenkins/node_modules/execa/index.js:174:9)
48 error     at Promise.all.then.arr (/Users/rc/workspace/lernaJenkins/node_modules/execa/index.js:278:16)
